{"C:\\vs code\\my_fresh_project\\server\\auth.js": {"path":"C:\\vs code\\my_fresh_project\\server\\auth.js","statementMap":{"0":{"start":{"line":2,"column":16},"end":{"line":2,"column":34}},"1":{"start":{"line":3,"column":12},"end":{"line":3,"column":35}},"2":{"start":{"line":4,"column":13},"end":{"line":4,"column":37}},"3":{"start":{"line":5,"column":15},"end":{"line":5,"column":32}},"4":{"start":{"line":7,"column":15},"end":{"line":7,"column":31}},"5":{"start":{"line":13,"column":22},"end":{"line":17,"column":1}},"6":{"start":{"line":14,"column":2},"end":{"line":16,"column":5}},"7":{"start":{"line":26,"column":16},"end":{"line":57,"column":1}},"8":{"start":{"line":30,"column":2},"end":{"line":52,"column":3}},"9":{"start":{"line":34,"column":4},"end":{"line":51,"column":5}},"10":{"start":{"line":36,"column":6},"end":{"line":36,"column":54}},"11":{"start":{"line":39,"column":22},"end":{"line":39,"column":63}},"12":{"start":{"line":42,"column":6},"end":{"line":42,"column":69}},"13":{"start":{"line":44,"column":6},"end":{"line":46,"column":7}},"14":{"start":{"line":45,"column":8},"end":{"line":45,"column":66}},"15":{"start":{"line":48,"column":6},"end":{"line":48,"column":13}},"16":{"start":{"line":50,"column":6},"end":{"line":50,"column":74}},"17":{"start":{"line":54,"column":2},"end":{"line":56,"column":3}},"18":{"start":{"line":55,"column":4},"end":{"line":55,"column":72}},"19":{"start":{"line":64,"column":0},"end":{"line":95,"column":3}},"20":{"start":{"line":65,"column":2},"end":{"line":94,"column":3}},"21":{"start":{"line":66,"column":38},"end":{"line":66,"column":46}},"22":{"start":{"line":69,"column":26},"end":{"line":69,"column":90}},"23":{"start":{"line":71,"column":4},"end":{"line":75,"column":5}},"24":{"start":{"line":72,"column":6},"end":{"line":74,"column":9}},"25":{"start":{"line":78,"column":23},"end":{"line":78,"column":52}},"26":{"start":{"line":79,"column":4},"end":{"line":81,"column":5}},"27":{"start":{"line":80,"column":6},"end":{"line":80,"column":78}},"28":{"start":{"line":84,"column":17},"end":{"line":84,"column":61}},"29":{"start":{"line":86,"column":4},"end":{"line":91,"column":7}},"30":{"start":{"line":93,"column":4},"end":{"line":93,"column":53}},"31":{"start":{"line":98,"column":0},"end":{"line":118,"column":3}},"32":{"start":{"line":99,"column":2},"end":{"line":117,"column":3}},"33":{"start":{"line":100,"column":32},"end":{"line":100,"column":40}},"34":{"start":{"line":103,"column":17},"end":{"line":103,"column":66}},"35":{"start":{"line":105,"column":4},"end":{"line":114,"column":5}},"36":{"start":{"line":106,"column":6},"end":{"line":111,"column":9}},"37":{"start":{"line":113,"column":6},"end":{"line":113,"column":66}},"38":{"start":{"line":116,"column":4},"end":{"line":116,"column":53}},"39":{"start":{"line":121,"column":0},"end":{"line":121,"column":37}}},"fnMap":{"0":{"name":"(anonymous_0)","decl":{"start":{"line":13,"column":22},"end":{"line":13,"column":23}},"loc":{"start":{"line":13,"column":30},"end":{"line":17,"column":1}},"line":13},"1":{"name":"(anonymous_1)","decl":{"start":{"line":26,"column":16},"end":{"line":26,"column":17}},"loc":{"start":{"line":26,"column":42},"end":{"line":57,"column":1}},"line":26},"2":{"name":"(anonymous_2)","decl":{"start":{"line":64,"column":25},"end":{"line":64,"column":26}},"loc":{"start":{"line":64,"column":45},"end":{"line":95,"column":1}},"line":64},"3":{"name":"(anonymous_3)","decl":{"start":{"line":98,"column":22},"end":{"line":98,"column":23}},"loc":{"start":{"line":98,"column":42},"end":{"line":118,"column":1}},"line":98}},"branchMap":{"0":{"loc":{"start":{"line":30,"column":2},"end":{"line":52,"column":3}},"type":"if","locations":[{"start":{"line":30,"column":2},"end":{"line":52,"column":3}},{"start":{},"end":{}}],"line":30},"1":{"loc":{"start":{"line":31,"column":4},"end":{"line":32,"column":50}},"type":"binary-expr","locations":[{"start":{"line":31,"column":4},"end":{"line":31,"column":29}},{"start":{"line":32,"column":4},"end":{"line":32,"column":50}}],"line":31},"2":{"loc":{"start":{"line":44,"column":6},"end":{"line":46,"column":7}},"type":"if","locations":[{"start":{"line":44,"column":6},"end":{"line":46,"column":7}},{"start":{},"end":{}}],"line":44},"3":{"loc":{"start":{"line":54,"column":2},"end":{"line":56,"column":3}},"type":"if","locations":[{"start":{"line":54,"column":2},"end":{"line":56,"column":3}},{"start":{},"end":{}}],"line":54},"4":{"loc":{"start":{"line":71,"column":4},"end":{"line":75,"column":5}},"type":"if","locations":[{"start":{"line":71,"column":4},"end":{"line":75,"column":5}},{"start":{},"end":{}}],"line":71},"5":{"loc":{"start":{"line":71,"column":8},"end":{"line":71,"column":50}},"type":"binary-expr","locations":[{"start":{"line":71,"column":8},"end":{"line":71,"column":17}},{"start":{"line":71,"column":21},"end":{"line":71,"column":50}}],"line":71},"6":{"loc":{"start":{"line":79,"column":4},"end":{"line":81,"column":5}},"type":"if","locations":[{"start":{"line":79,"column":4},"end":{"line":81,"column":5}},{"start":{},"end":{}}],"line":79},"7":{"loc":{"start":{"line":105,"column":4},"end":{"line":114,"column":5}},"type":"if","locations":[{"start":{"line":105,"column":4},"end":{"line":114,"column":5}},{"start":{"line":112,"column":11},"end":{"line":114,"column":5}}],"line":105},"8":{"loc":{"start":{"line":105,"column":8},"end":{"line":105,"column":54}},"type":"binary-expr","locations":[{"start":{"line":105,"column":8},"end":{"line":105,"column":12}},{"start":{"line":105,"column":17},"end":{"line":105,"column":53}}],"line":105}},"s":{"0":1,"1":1,"2":1,"3":1,"4":1,"5":1,"6":2,"7":1,"8":7,"9":6,"10":6,"11":6,"12":6,"13":6,"14":0,"15":6,"16":0,"17":7,"18":1,"19":1,"20":2,"21":2,"22":2,"23":2,"24":0,"25":2,"26":2,"27":0,"28":2,"29":2,"30":0,"31":1,"32":0,"33":0,"34":0,"35":0,"36":0,"37":0,"38":0,"39":1},"f":{"0":2,"1":7,"2":2,"3":0},"b":{"0":[6,1],"1":[7,6],"2":[0,6],"3":[1,6],"4":[0,2],"5":[2,2],"6":[0,2],"7":[0,0],"8":[0,0]},"_coverageSchema":"1a1c01bbd47fc00a2c39e90264f33305004495a9","hash":"06466bda0ac8d65e5d076a0c3d3642e4a74df1cf"}
,"C:\\vs code\\my_fresh_project\\server\\authAdmin.js": {"path":"C:\\vs code\\my_fresh_project\\server\\authAdmin.js","statementMap":{"0":{"start":{"line":4,"column":16},"end":{"line":4,"column":34}},"1":{"start":{"line":5,"column":12},"end":{"line":5,"column":35}},"2":{"start":{"line":6,"column":13},"end":{"line":6,"column":37}},"3":{"start":{"line":7,"column":15},"end":{"line":7,"column":32}},"4":{"start":{"line":8,"column":15},"end":{"line":8,"column":31}},"5":{"start":{"line":9,"column":14},"end":{"line":9,"column":39}},"6":{"start":{"line":10,"column":15},"end":{"line":10,"column":34}},"7":{"start":{"line":19,"column":22},"end":{"line":23,"column":1}},"8":{"start":{"line":20,"column":2},"end":{"line":22,"column":5}},"9":{"start":{"line":25,"column":20},"end":{"line":48,"column":1}},"10":{"start":{"line":26,"column":2},"end":{"line":47,"column":3}},"11":{"start":{"line":27,"column":23},"end":{"line":27,"column":48}},"12":{"start":{"line":28,"column":4},"end":{"line":30,"column":5}},"13":{"start":{"line":29,"column":6},"end":{"line":29,"column":77}},"14":{"start":{"line":32,"column":18},"end":{"line":32,"column":42}},"15":{"start":{"line":33,"column":20},"end":{"line":33,"column":76}},"16":{"start":{"line":36,"column":17},"end":{"line":36,"column":48}},"17":{"start":{"line":37,"column":4},"end":{"line":40,"column":5}},"18":{"start":{"line":38,"column":6},"end":{"line":38,"column":87}},"19":{"start":{"line":39,"column":6},"end":{"line":39,"column":87}},"20":{"start":{"line":42,"column":4},"end":{"line":42,"column":20}},"21":{"start":{"line":43,"column":4},"end":{"line":43,"column":11}},"22":{"start":{"line":45,"column":4},"end":{"line":45,"column":61}},"23":{"start":{"line":46,"column":4},"end":{"line":46,"column":71}},"24":{"start":{"line":58,"column":16},"end":{"line":89,"column":1}},"25":{"start":{"line":62,"column":2},"end":{"line":84,"column":3}},"26":{"start":{"line":66,"column":4},"end":{"line":83,"column":5}},"27":{"start":{"line":68,"column":6},"end":{"line":68,"column":54}},"28":{"start":{"line":71,"column":22},"end":{"line":71,"column":63}},"29":{"start":{"line":74,"column":6},"end":{"line":74,"column":69}},"30":{"start":{"line":76,"column":6},"end":{"line":78,"column":7}},"31":{"start":{"line":77,"column":8},"end":{"line":77,"column":66}},"32":{"start":{"line":80,"column":6},"end":{"line":80,"column":13}},"33":{"start":{"line":82,"column":6},"end":{"line":82,"column":74}},"34":{"start":{"line":86,"column":2},"end":{"line":88,"column":3}},"35":{"start":{"line":87,"column":4},"end":{"line":87,"column":72}},"36":{"start":{"line":95,"column":0},"end":{"line":129,"column":3}},"37":{"start":{"line":96,"column":2},"end":{"line":128,"column":3}},"38":{"start":{"line":97,"column":38},"end":{"line":97,"column":46}},"39":{"start":{"line":100,"column":25},"end":{"line":100,"column":54}},"40":{"start":{"line":101,"column":4},"end":{"line":103,"column":5}},"41":{"start":{"line":102,"column":6},"end":{"line":102,"column":78}},"42":{"start":{"line":106,"column":22},"end":{"line":111,"column":6}},"43":{"start":{"line":113,"column":4},"end":{"line":113,"column":27}},"44":{"start":{"line":114,"column":4},"end":{"line":114,"column":51}},"45":{"start":{"line":116,"column":4},"end":{"line":124,"column":7}},"46":{"start":{"line":126,"column":4},"end":{"line":126,"column":57}},"47":{"start":{"line":127,"column":4},"end":{"line":127,"column":82}},"48":{"start":{"line":136,"column":0},"end":{"line":179,"column":3}},"49":{"start":{"line":137,"column":2},"end":{"line":178,"column":3}},"50":{"start":{"line":138,"column":32},"end":{"line":138,"column":40}},"51":{"start":{"line":140,"column":4},"end":{"line":142,"column":5}},"52":{"start":{"line":141,"column":6},"end":{"line":141,"column":73}},"53":{"start":{"line":145,"column":17},"end":{"line":145,"column":66}},"54":{"start":{"line":146,"column":4},"end":{"line":148,"column":5}},"55":{"start":{"line":147,"column":6},"end":{"line":147,"column":90}},"56":{"start":{"line":151,"column":20},"end":{"line":151,"column":56}},"57":{"start":{"line":152,"column":4},"end":{"line":154,"column":5}},"58":{"start":{"line":153,"column":6},"end":{"line":153,"column":70}},"59":{"start":{"line":157,"column":18},"end":{"line":161,"column":5}},"60":{"start":{"line":163,"column":4},"end":{"line":163,"column":48}},"61":{"start":{"line":165,"column":4},"end":{"line":174,"column":7}},"62":{"start":{"line":176,"column":4},"end":{"line":176,"column":58}},"63":{"start":{"line":177,"column":4},"end":{"line":177,"column":88}},"64":{"start":{"line":185,"column":0},"end":{"line":205,"column":3}},"65":{"start":{"line":186,"column":2},"end":{"line":204,"column":3}},"66":{"start":{"line":187,"column":19},"end":{"line":187,"column":32}},"67":{"start":{"line":189,"column":25},"end":{"line":189,"column":52}},"68":{"start":{"line":190,"column":4},"end":{"line":192,"column":5}},"69":{"start":{"line":191,"column":6},"end":{"line":191,"column":64}},"70":{"start":{"line":194,"column":4},"end":{"line":194,"column":41}},"71":{"start":{"line":197,"column":4},"end":{"line":197,"column":47}},"72":{"start":{"line":199,"column":4},"end":{"line":199,"column":70}},"73":{"start":{"line":200,"column":4},"end":{"line":200,"column":82}},"74":{"start":{"line":202,"column":4},"end":{"line":202,"column":57}},"75":{"start":{"line":203,"column":4},"end":{"line":203,"column":82}},"76":{"start":{"line":211,"column":0},"end":{"line":228,"column":3}},"77":{"start":{"line":212,"column":2},"end":{"line":227,"column":3}},"78":{"start":{"line":213,"column":20},"end":{"line":213,"column":33}},"79":{"start":{"line":215,"column":18},"end":{"line":215,"column":47}},"80":{"start":{"line":216,"column":4},"end":{"line":218,"column":5}},"81":{"start":{"line":217,"column":6},"end":{"line":217,"column":64}},"82":{"start":{"line":220,"column":4},"end":{"line":220,"column":43}},"83":{"start":{"line":222,"column":4},"end":{"line":222,"column":74}},"84":{"start":{"line":223,"column":4},"end":{"line":223,"column":73}},"85":{"start":{"line":225,"column":4},"end":{"line":225,"column":57}},"86":{"start":{"line":226,"column":4},"end":{"line":226,"column":82}},"87":{"start":{"line":230,"column":0},"end":{"line":230,"column":24}}},"fnMap":{"0":{"name":"(anonymous_0)","decl":{"start":{"line":19,"column":22},"end":{"line":19,"column":23}},"loc":{"start":{"line":19,"column":30},"end":{"line":23,"column":1}},"line":19},"1":{"name":"(anonymous_1)","decl":{"start":{"line":25,"column":20},"end":{"line":25,"column":21}},"loc":{"start":{"line":25,"column":46},"end":{"line":48,"column":1}},"line":25},"2":{"name":"(anonymous_2)","decl":{"start":{"line":58,"column":16},"end":{"line":58,"column":17}},"loc":{"start":{"line":58,"column":42},"end":{"line":89,"column":1}},"line":58},"3":{"name":"(anonymous_3)","decl":{"start":{"line":95,"column":25},"end":{"line":95,"column":26}},"loc":{"start":{"line":95,"column":45},"end":{"line":129,"column":1}},"line":95},"4":{"name":"(anonymous_4)","decl":{"start":{"line":136,"column":22},"end":{"line":136,"column":23}},"loc":{"start":{"line":136,"column":42},"end":{"line":179,"column":1}},"line":136},"5":{"name":"(anonymous_5)","decl":{"start":{"line":185,"column":41},"end":{"line":185,"column":42}},"loc":{"start":{"line":185,"column":61},"end":{"line":205,"column":1}},"line":185},"6":{"name":"(anonymous_6)","decl":{"start":{"line":211,"column":43},"end":{"line":211,"column":44}},"loc":{"start":{"line":211,"column":63},"end":{"line":228,"column":1}},"line":211}},"branchMap":{"0":{"loc":{"start":{"line":28,"column":4},"end":{"line":30,"column":5}},"type":"if","locations":[{"start":{"line":28,"column":4},"end":{"line":30,"column":5}},{"start":{},"end":{}}],"line":28},"1":{"loc":{"start":{"line":28,"column":8},"end":{"line":28,"column":56}},"type":"binary-expr","locations":[{"start":{"line":28,"column":8},"end":{"line":28,"column":19}},{"start":{"line":28,"column":23},"end":{"line":28,"column":56}}],"line":28},"2":{"loc":{"start":{"line":33,"column":38},"end":{"line":33,"column":75}},"type":"binary-expr","locations":[{"start":{"line":33,"column":38},"end":{"line":33,"column":60}},{"start":{"line":33,"column":64},"end":{"line":33,"column":75}}],"line":33},"3":{"loc":{"start":{"line":37,"column":4},"end":{"line":40,"column":5}},"type":"if","locations":[{"start":{"line":37,"column":4},"end":{"line":40,"column":5}},{"start":{},"end":{}}],"line":37},"4":{"loc":{"start":{"line":37,"column":8},"end":{"line":37,"column":38}},"type":"binary-expr","locations":[{"start":{"line":37,"column":8},"end":{"line":37,"column":13}},{"start":{"line":37,"column":17},"end":{"line":37,"column":38}}],"line":37},"5":{"loc":{"start":{"line":62,"column":2},"end":{"line":84,"column":3}},"type":"if","locations":[{"start":{"line":62,"column":2},"end":{"line":84,"column":3}},{"start":{},"end":{}}],"line":62},"6":{"loc":{"start":{"line":63,"column":4},"end":{"line":64,"column":50}},"type":"binary-expr","locations":[{"start":{"line":63,"column":4},"end":{"line":63,"column":29}},{"start":{"line":64,"column":4},"end":{"line":64,"column":50}}],"line":63},"7":{"loc":{"start":{"line":76,"column":6},"end":{"line":78,"column":7}},"type":"if","locations":[{"start":{"line":76,"column":6},"end":{"line":78,"column":7}},{"start":{},"end":{}}],"line":76},"8":{"loc":{"start":{"line":86,"column":2},"end":{"line":88,"column":3}},"type":"if","locations":[{"start":{"line":86,"column":2},"end":{"line":88,"column":3}},{"start":{},"end":{}}],"line":86},"9":{"loc":{"start":{"line":101,"column":4},"end":{"line":103,"column":5}},"type":"if","locations":[{"start":{"line":101,"column":4},"end":{"line":103,"column":5}},{"start":{},"end":{}}],"line":101},"10":{"loc":{"start":{"line":140,"column":4},"end":{"line":142,"column":5}},"type":"if","locations":[{"start":{"line":140,"column":4},"end":{"line":142,"column":5}},{"start":{},"end":{}}],"line":140},"11":{"loc":{"start":{"line":140,"column":8},"end":{"line":140,"column":27}},"type":"binary-expr","locations":[{"start":{"line":140,"column":8},"end":{"line":140,"column":14}},{"start":{"line":140,"column":18},"end":{"line":140,"column":27}}],"line":140},"12":{"loc":{"start":{"line":146,"column":4},"end":{"line":148,"column":5}},"type":"if","locations":[{"start":{"line":146,"column":4},"end":{"line":148,"column":5}},{"start":{},"end":{}}],"line":146},"13":{"loc":{"start":{"line":146,"column":8},"end":{"line":146,"column":38}},"type":"binary-expr","locations":[{"start":{"line":146,"column":8},"end":{"line":146,"column":13}},{"start":{"line":146,"column":17},"end":{"line":146,"column":38}}],"line":146},"14":{"loc":{"start":{"line":152,"column":4},"end":{"line":154,"column":5}},"type":"if","locations":[{"start":{"line":152,"column":4},"end":{"line":154,"column":5}},{"start":{},"end":{}}],"line":152},"15":{"loc":{"start":{"line":159,"column":6},"end":{"line":159,"column":43}},"type":"binary-expr","locations":[{"start":{"line":159,"column":6},"end":{"line":159,"column":28}},{"start":{"line":159,"column":32},"end":{"line":159,"column":43}}],"line":159},"16":{"loc":{"start":{"line":190,"column":4},"end":{"line":192,"column":5}},"type":"if","locations":[{"start":{"line":190,"column":4},"end":{"line":192,"column":5}},{"start":{},"end":{}}],"line":190},"17":{"loc":{"start":{"line":216,"column":4},"end":{"line":218,"column":5}},"type":"if","locations":[{"start":{"line":216,"column":4},"end":{"line":218,"column":5}},{"start":{},"end":{}}],"line":216}},"s":{"0":2,"1":2,"2":2,"3":2,"4":2,"5":2,"6":2,"7":2,"8":0,"9":2,"10":6,"11":6,"12":6,"13":1,"14":5,"15":5,"16":5,"17":5,"18":1,"19":1,"20":4,"21":4,"22":0,"23":0,"24":2,"25":0,"26":0,"27":0,"28":0,"29":0,"30":0,"31":0,"32":0,"33":0,"34":0,"35":0,"36":2,"37":2,"38":2,"39":2,"40":2,"41":1,"42":1,"43":1,"44":1,"45":1,"46":0,"47":0,"48":2,"49":4,"50":4,"51":4,"52":1,"53":3,"54":3,"55":1,"56":2,"57":2,"58":1,"59":1,"60":1,"61":1,"62":0,"63":0,"64":2,"65":2,"66":2,"67":2,"68":2,"69":1,"70":1,"71":1,"72":1,"73":1,"74":0,"75":0,"76":2,"77":2,"78":2,"79":2,"80":2,"81":1,"82":1,"83":1,"84":1,"85":0,"86":0,"87":2},"f":{"0":0,"1":6,"2":0,"3":2,"4":4,"5":2,"6":2},"b":{"0":[1,5],"1":[6,5],"2":[5,0],"3":[1,4],"4":[5,5],"5":[0,0],"6":[0,0],"7":[0,0],"8":[0,0],"9":[1,1],"10":[1,3],"11":[4,4],"12":[1,2],"13":[3,3],"14":[1,1],"15":[1,0],"16":[1,1],"17":[1,1]},"_coverageSchema":"1a1c01bbd47fc00a2c39e90264f33305004495a9","hash":"04952a25397aa82a156ae9e2bb43c4ecc1b8a014"}
,"C:\\vs code\\my_fresh_project\\server\\stories.js": {"path":"C:\\vs code\\my_fresh_project\\server\\stories.js","statementMap":{"0":{"start":{"line":2,"column":16},"end":{"line":2,"column":34}},"1":{"start":{"line":3,"column":15},"end":{"line":3,"column":31}},"2":{"start":{"line":4,"column":14},"end":{"line":4,"column":39}},"3":{"start":{"line":5,"column":20},"end":{"line":5,"column":37}},"4":{"start":{"line":10,"column":0},"end":{"line":19,"column":3}},"5":{"start":{"line":11,"column":2},"end":{"line":18,"column":3}},"6":{"start":{"line":12,"column":20},"end":{"line":14,"column":30}},"7":{"start":{"line":15,"column":4},"end":{"line":15,"column":22}},"8":{"start":{"line":17,"column":4},"end":{"line":17,"column":53}},"9":{"start":{"line":24,"column":0},"end":{"line":40,"column":3}},"10":{"start":{"line":25,"column":2},"end":{"line":39,"column":3}},"11":{"start":{"line":26,"column":56},"end":{"line":26,"column":64}},"12":{"start":{"line":28,"column":18},"end":{"line":34,"column":6}},"13":{"start":{"line":36,"column":4},"end":{"line":36,"column":32}},"14":{"start":{"line":38,"column":4},"end":{"line":38,"column":53}},"15":{"start":{"line":45,"column":0},"end":{"line":68,"column":3}},"16":{"start":{"line":46,"column":2},"end":{"line":67,"column":3}},"17":{"start":{"line":47,"column":18},"end":{"line":47,"column":53}},"18":{"start":{"line":49,"column":4},"end":{"line":51,"column":5}},"19":{"start":{"line":50,"column":6},"end":{"line":50,"column":64}},"20":{"start":{"line":54,"column":4},"end":{"line":56,"column":5}},"21":{"start":{"line":55,"column":6},"end":{"line":55,"column":78}},"22":{"start":{"line":59,"column":4},"end":{"line":59,"column":67}},"23":{"start":{"line":59,"column":38},"end":{"line":59,"column":67}},"24":{"start":{"line":60,"column":4},"end":{"line":60,"column":73}},"25":{"start":{"line":60,"column":40},"end":{"line":60,"column":73}},"26":{"start":{"line":61,"column":4},"end":{"line":61,"column":94}},"27":{"start":{"line":61,"column":47},"end":{"line":61,"column":94}},"28":{"start":{"line":63,"column":25},"end":{"line":63,"column":43}},"29":{"start":{"line":64,"column":4},"end":{"line":64,"column":27}},"30":{"start":{"line":66,"column":4},"end":{"line":66,"column":53}},"31":{"start":{"line":73,"column":0},"end":{"line":94,"column":3}},"32":{"start":{"line":74,"column":2},"end":{"line":93,"column":3}},"33":{"start":{"line":75,"column":18},"end":{"line":75,"column":53}},"34":{"start":{"line":77,"column":4},"end":{"line":79,"column":5}},"35":{"start":{"line":78,"column":6},"end":{"line":78,"column":64}},"36":{"start":{"line":82,"column":21},"end":{"line":82,"column":72}},"37":{"start":{"line":83,"column":20},"end":{"line":83,"column":45}},"38":{"start":{"line":85,"column":4},"end":{"line":87,"column":5}},"39":{"start":{"line":86,"column":6},"end":{"line":86,"column":78}},"40":{"start":{"line":89,"column":4},"end":{"line":89,"column":28}},"41":{"start":{"line":90,"column":4},"end":{"line":90,"column":48}},"42":{"start":{"line":92,"column":4},"end":{"line":92,"column":53}},"43":{"start":{"line":96,"column":0},"end":{"line":96,"column":24}}},"fnMap":{"0":{"name":"(anonymous_0)","decl":{"start":{"line":10,"column":16},"end":{"line":10,"column":17}},"loc":{"start":{"line":10,"column":36},"end":{"line":19,"column":1}},"line":10},"1":{"name":"(anonymous_1)","decl":{"start":{"line":24,"column":26},"end":{"line":24,"column":27}},"loc":{"start":{"line":24,"column":46},"end":{"line":40,"column":1}},"line":24},"2":{"name":"(anonymous_2)","decl":{"start":{"line":45,"column":28},"end":{"line":45,"column":29}},"loc":{"start":{"line":45,"column":48},"end":{"line":68,"column":1}},"line":45},"3":{"name":"(anonymous_3)","decl":{"start":{"line":73,"column":31},"end":{"line":73,"column":32}},"loc":{"start":{"line":73,"column":51},"end":{"line":94,"column":1}},"line":73}},"branchMap":{"0":{"loc":{"start":{"line":32,"column":22},"end":{"line":32,"column":45}},"type":"binary-expr","locations":[{"start":{"line":32,"column":22},"end":{"line":32,"column":36}},{"start":{"line":32,"column":40},"end":{"line":32,"column":45}}],"line":32},"1":{"loc":{"start":{"line":49,"column":4},"end":{"line":51,"column":5}},"type":"if","locations":[{"start":{"line":49,"column":4},"end":{"line":51,"column":5}},{"start":{},"end":{}}],"line":49},"2":{"loc":{"start":{"line":54,"column":4},"end":{"line":56,"column":5}},"type":"if","locations":[{"start":{"line":54,"column":4},"end":{"line":56,"column":5}},{"start":{},"end":{}}],"line":54},"3":{"loc":{"start":{"line":59,"column":4},"end":{"line":59,"column":67}},"type":"if","locations":[{"start":{"line":59,"column":4},"end":{"line":59,"column":67}},{"start":{},"end":{}}],"line":59},"4":{"loc":{"start":{"line":60,"column":4},"end":{"line":60,"column":73}},"type":"if","locations":[{"start":{"line":60,"column":4},"end":{"line":60,"column":73}},{"start":{},"end":{}}],"line":60},"5":{"loc":{"start":{"line":61,"column":4},"end":{"line":61,"column":94}},"type":"if","locations":[{"start":{"line":61,"column":4},"end":{"line":61,"column":94}},{"start":{},"end":{}}],"line":61},"6":{"loc":{"start":{"line":77,"column":4},"end":{"line":79,"column":5}},"type":"if","locations":[{"start":{"line":77,"column":4},"end":{"line":79,"column":5}},{"start":{},"end":{}}],"line":77},"7":{"loc":{"start":{"line":85,"column":4},"end":{"line":87,"column":5}},"type":"if","locations":[{"start":{"line":85,"column":4},"end":{"line":87,"column":5}},{"start":{},"end":{}}],"line":85},"8":{"loc":{"start":{"line":85,"column":8},"end":{"line":85,"column":29}},"type":"binary-expr","locations":[{"start":{"line":85,"column":8},"end":{"line":85,"column":17}},{"start":{"line":85,"column":21},"end":{"line":85,"column":29}}],"line":85}},"s":{"0":1,"1":1,"2":1,"3":1,"4":1,"5":1,"6":1,"7":1,"8":0,"9":1,"10":1,"11":1,"12":1,"13":1,"14":0,"15":1,"16":2,"17":2,"18":2,"19":0,"20":2,"21":1,"22":1,"23":1,"24":1,"25":1,"26":1,"27":0,"28":1,"29":1,"30":0,"31":1,"32":3,"33":3,"34":3,"35":1,"36":2,"37":2,"38":2,"39":1,"40":1,"41":1,"42":0,"43":1},"f":{"0":1,"1":1,"2":2,"3":3},"b":{"0":[1,0],"1":[0,2],"2":[1,1],"3":[1,0],"4":[1,0],"5":[0,1],"6":[1,2],"7":[1,1],"8":[2,1]},"_coverageSchema":"1a1c01bbd47fc00a2c39e90264f33305004495a9","hash":"a3d87ded1f3ebf46f5a04f7c97c3467b9fe196c3"}
,"C:\\vs code\\my_fresh_project\\server\\models\\story.js": {"path":"C:\\vs code\\my_fresh_project\\server\\models\\story.js","statementMap":{"0":{"start":{"line":2,"column":17},"end":{"line":2,"column":36}},"1":{"start":{"line":4,"column":20},"end":{"line":26,"column":1}},"2":{"start":{"line":28,"column":14},"end":{"line":28,"column":75}},"3":{"start":{"line":29,"column":0},"end":{"line":29,"column":23}}},"fnMap":{},"branchMap":{"0":{"loc":{"start":{"line":28,"column":14},"end":{"line":28,"column":75}},"type":"binary-expr","locations":[{"start":{"line":28,"column":14},"end":{"line":28,"column":35}},{"start":{"line":28,"column":39},"end":{"line":28,"column":75}}],"line":28}},"s":{"0":2,"1":2,"2":2,"3":2},"f":{},"b":{"0":[2,2]},"_coverageSchema":"1a1c01bbd47fc00a2c39e90264f33305004495a9","hash":"18cb19ae1bc983d8b599f48fa4aa38d7309ea9b3"}
,"C:\\vs code\\my_fresh_project\\server\\models\\user.js": {"path":"C:\\vs code\\my_fresh_project\\server\\models\\user.js","statementMap":{"0":{"start":{"line":2,"column":17},"end":{"line":2,"column":36}},"1":{"start":{"line":3,"column":15},"end":{"line":3,"column":32}},"2":{"start":{"line":5,"column":19},"end":{"line":46,"column":1}},"3":{"start":{"line":15,"column":6},"end":{"line":15,"column":52}},"4":{"start":{"line":31,"column":10},"end":{"line":31,"column":90}},"5":{"start":{"line":50,"column":0},"end":{"line":57,"column":3}},"6":{"start":{"line":52,"column":2},"end":{"line":52,"column":43}},"7":{"start":{"line":52,"column":36},"end":{"line":52,"column":43}},"8":{"start":{"line":55,"column":15},"end":{"line":55,"column":39}},"9":{"start":{"line":56,"column":2},"end":{"line":56,"column":57}},"10":{"start":{"line":60,"column":0},"end":{"line":62,"column":2}},"11":{"start":{"line":61,"column":2},"end":{"line":61,"column":64}},"12":{"start":{"line":64,"column":13},"end":{"line":64,"column":71}},"13":{"start":{"line":65,"column":0},"end":{"line":65,"column":22}}},"fnMap":{"0":{"name":"(anonymous_0)","decl":{"start":{"line":13,"column":15},"end":{"line":13,"column":16}},"loc":{"start":{"line":13,"column":28},"end":{"line":16,"column":5}},"line":13},"1":{"name":"(anonymous_1)","decl":{"start":{"line":30,"column":19},"end":{"line":30,"column":20}},"loc":{"start":{"line":30,"column":32},"end":{"line":32,"column":9}},"line":30},"2":{"name":"(anonymous_2)","decl":{"start":{"line":50,"column":23},"end":{"line":50,"column":24}},"loc":{"start":{"line":50,"column":41},"end":{"line":57,"column":1}},"line":50},"3":{"name":"(anonymous_3)","decl":{"start":{"line":60,"column":37},"end":{"line":60,"column":38}},"loc":{"start":{"line":60,"column":72},"end":{"line":62,"column":1}},"line":60}},"branchMap":{"0":{"loc":{"start":{"line":52,"column":2},"end":{"line":52,"column":43}},"type":"if","locations":[{"start":{"line":52,"column":2},"end":{"line":52,"column":43}},{"start":{},"end":{}}],"line":52},"1":{"loc":{"start":{"line":64,"column":13},"end":{"line":64,"column":71}},"type":"binary-expr","locations":[{"start":{"line":64,"column":13},"end":{"line":64,"column":33}},{"start":{"line":64,"column":37},"end":{"line":64,"column":71}}],"line":64}},"s":{"0":2,"1":2,"2":2,"3":27,"4":27,"5":2,"6":27,"7":0,"8":27,"9":27,"10":2,"11":2,"12":2,"13":2},"f":{"0":27,"1":27,"2":27,"3":2},"b":{"0":[0,27],"1":[2,2]},"_coverageSchema":"1a1c01bbd47fc00a2c39e90264f33305004495a9","hash":"18af5bfb5844cf0d4013bf64e0247e85ba078851"}
}
