TN:
SF:auth.js
FN:13,(anonymous_0)
FN:26,(anonymous_1)
FN:64,(anonymous_2)
FN:98,(anonymous_3)
FNF:4
FNH:3
FNDA:2,(anonymous_0)
FNDA:7,(anonymous_1)
FNDA:2,(anonymous_2)
FNDA:0,(anonymous_3)
DA:2,1
DA:3,1
DA:4,1
DA:5,1
DA:7,1
DA:13,1
DA:14,2
DA:26,1
DA:30,7
DA:34,6
DA:36,6
DA:39,6
DA:42,6
DA:44,6
DA:45,0
DA:48,6
DA:50,0
DA:54,7
DA:55,1
DA:64,1
DA:65,2
DA:66,2
DA:69,2
DA:71,2
DA:72,0
DA:78,2
DA:79,2
DA:80,0
DA:84,2
DA:86,2
DA:93,0
DA:98,1
DA:99,0
DA:100,0
DA:103,0
DA:105,0
DA:106,0
DA:114,0
DA:117,0
DA:122,1
LF:40
LH:28
BRDA:30,0,0,6
BRDA:30,0,1,1
BRDA:31,1,0,7
BRDA:31,1,1,6
BRDA:44,2,0,0
BRDA:44,2,1,6
BRDA:54,3,0,1
BRDA:54,3,1,6
BRDA:71,4,0,0
BRDA:71,4,1,2
BRDA:71,5,0,2
BRDA:71,5,1,2
BRDA:79,6,0,0
BRDA:79,6,1,2
BRDA:105,7,0,0
BRDA:105,7,1,0
BRDA:105,8,0,0
BRDA:105,8,1,0
BRF:18
BRH:11
end_of_record
TN:
SF:authAdmin.js
FN:19,(anonymous_0)
FN:25,(anonymous_1)
FN:58,(anonymous_2)
FN:97,(anonymous_3)
FN:145,(anonymous_4)
FN:193,(anonymous_5)
FN:219,(anonymous_6)
FNF:7
FNH:6
FNDA:1,(anonymous_0)
FNDA:6,(anonymous_1)
FNDA:0,(anonymous_2)
FNDA:2,(anonymous_3)
FNDA:4,(anonymous_4)
FNDA:2,(anonymous_5)
FNDA:2,(anonymous_6)
DA:4,2
DA:5,2
DA:6,2
DA:7,2
DA:8,2
DA:9,2
DA:10,2
DA:19,2
DA:20,1
DA:25,2
DA:26,6
DA:27,6
DA:28,6
DA:29,1
DA:32,5
DA:33,5
DA:36,5
DA:37,5
DA:38,1
DA:39,1
DA:42,4
DA:43,4
DA:45,0
DA:46,0
DA:58,2
DA:62,0
DA:66,0
DA:68,0
DA:71,0
DA:74,0
DA:76,0
DA:77,0
DA:80,0
DA:82,0
DA:86,0
DA:87,0
DA:97,2
DA:98,2
DA:99,2
DA:101,2
DA:102,2
DA:103,1
DA:106,1
DA:113,1
DA:114,1
DA:116,1
DA:119,1
DA:135,0
DA:136,0
DA:145,2
DA:146,4
DA:147,4
DA:149,4
DA:150,1
DA:154,3
DA:155,3
DA:156,1
DA:160,2
DA:161,2
DA:162,1
DA:166,1
DA:172,1
DA:174,1
DA:185,0
DA:186,0
DA:193,2
DA:194,2
DA:195,2
DA:197,2
DA:198,2
DA:199,1
DA:202,1
DA:205,1
DA:207,1
DA:208,1
DA:210,0
DA:211,0
DA:219,2
DA:220,2
DA:221,2
DA:223,2
DA:224,2
DA:225,1
DA:228,1
DA:230,1
DA:231,1
DA:233,0
DA:234,0
DA:238,2
LF:89
LH:68
BRDA:28,0,0,1
BRDA:28,0,1,5
BRDA:28,1,0,6
BRDA:28,1,1,5
BRDA:33,2,0,5
BRDA:33,2,1,0
BRDA:37,3,0,1
BRDA:37,3,1,4
BRDA:37,4,0,5
BRDA:37,4,1,5
BRDA:62,5,0,0
BRDA:62,5,1,0
BRDA:63,6,0,0
BRDA:63,6,1,0
BRDA:76,7,0,0
BRDA:76,7,1,0
BRDA:86,8,0,0
BRDA:86,8,1,0
BRDA:102,9,0,1
BRDA:102,9,1,1
BRDA:149,10,0,1
BRDA:149,10,1,3
BRDA:149,11,0,4
BRDA:149,11,1,4
BRDA:155,12,0,1
BRDA:155,12,1,2
BRDA:155,13,0,3
BRDA:155,13,1,3
BRDA:161,14,0,1
BRDA:161,14,1,1
BRDA:168,15,0,1
BRDA:168,15,1,0
BRDA:198,16,0,1
BRDA:198,16,1,1
BRDA:224,17,0,1
BRDA:224,17,1,1
BRF:36
BRH:26
end_of_record
TN:
SF:stories.js
FN:10,(anonymous_0)
FN:24,(anonymous_1)
FN:45,(anonymous_2)
FN:73,(anonymous_3)
FNF:4
FNH:4
FNDA:1,(anonymous_0)
FNDA:1,(anonymous_1)
FNDA:2,(anonymous_2)
FNDA:3,(anonymous_3)
DA:2,1
DA:3,1
DA:4,1
DA:5,1
DA:10,1
DA:11,1
DA:12,1
DA:15,1
DA:17,0
DA:24,1
DA:25,1
DA:26,1
DA:28,1
DA:36,1
DA:38,0
DA:45,1
DA:46,2
DA:47,2
DA:49,2
DA:50,0
DA:54,2
DA:55,1
DA:59,1
DA:60,1
DA:61,1
DA:63,1
DA:64,1
DA:66,0
DA:73,1
DA:74,3
DA:75,3
DA:77,3
DA:78,1
DA:82,2
DA:83,2
DA:85,2
DA:86,1
DA:89,1
DA:90,1
DA:92,0
DA:96,1
LF:41
LH:36
BRDA:32,0,0,1
BRDA:32,0,1,0
BRDA:49,1,0,0
BRDA:49,1,1,2
BRDA:54,2,0,1
BRDA:54,2,1,1
BRDA:59,3,0,1
BRDA:59,3,1,0
BRDA:60,4,0,1
BRDA:60,4,1,0
BRDA:61,5,0,0
BRDA:61,5,1,1
BRDA:77,6,0,1
BRDA:77,6,1,2
BRDA:85,7,0,1
BRDA:85,7,1,1
BRDA:85,8,0,2
BRDA:85,8,1,1
BRF:18
BRH:13
end_of_record
TN:
SF:models/story.js
FNF:0
FNH:0
DA:2,2
DA:4,2
DA:28,2
DA:29,2
LF:4
LH:4
BRDA:28,0,0,2
BRDA:28,0,1,2
BRF:2
BRH:2
end_of_record
TN:
SF:models/user.js
FN:13,(anonymous_0)
FN:30,(anonymous_1)
FN:50,(anonymous_2)
FN:60,(anonymous_3)
FNF:4
FNH:4
FNDA:27,(anonymous_0)
FNDA:27,(anonymous_1)
FNDA:27,(anonymous_2)
FNDA:2,(anonymous_3)
DA:2,2
DA:3,2
DA:5,2
DA:15,27
DA:31,27
DA:50,2
DA:52,27
DA:55,27
DA:56,27
DA:60,2
DA:61,2
DA:64,2
DA:65,2
LF:13
LH:13
BRDA:52,0,0,0
BRDA:52,0,1,27
BRDA:64,1,0,2
BRDA:64,1,1,2
BRF:4
BRH:3
end_of_record
