TN:
SF:auth.js
FN:13,(anonymous_0)
FN:26,(anonymous_1)
FN:64,(anonymous_2)
FN:98,(anonymous_3)
FNF:4
FNH:1
FNDA:0,(anonymous_0)
FNDA:0,(anonymous_1)
FNDA:2,(anonymous_2)
FNDA:0,(anonymous_3)
DA:2,1
DA:3,1
DA:4,1
DA:5,1
DA:7,1
DA:13,1
DA:14,0
DA:26,1
DA:30,0
DA:34,0
DA:36,0
DA:39,0
DA:42,0
DA:44,0
DA:45,0
DA:48,0
DA:50,0
DA:54,0
DA:55,0
DA:64,1
DA:65,2
DA:66,2
DA:69,2
DA:71,2
DA:72,0
DA:78,2
DA:79,0
DA:80,0
DA:84,0
DA:86,0
DA:93,2
DA:98,1
DA:99,0
DA:100,0
DA:103,0
DA:105,0
DA:106,0
DA:113,0
DA:116,0
DA:121,1
LF:40
LH:16
BRDA:30,0,0,0
BRDA:30,0,1,0
BRDA:31,1,0,0
BRDA:31,1,1,0
BRDA:44,2,0,0
BRDA:44,2,1,0
BRDA:54,3,0,0
BRDA:54,3,1,0
BRDA:71,4,0,0
BRDA:71,4,1,2
BRDA:71,5,0,2
BRDA:71,5,1,2
BRDA:79,6,0,0
BRDA:79,6,1,0
BRDA:105,7,0,0
BRDA:105,7,1,0
BRDA:105,8,0,0
BRDA:105,8,1,0
BRF:18
BRH:3
end_of_record
TN:
SF:authAdmin.js
FN:19,(anonymous_0)
FN:25,(anonymous_1)
FN:58,(anonymous_2)
FN:95,(anonymous_3)
FN:136,(anonymous_4)
FN:185,(anonymous_5)
FN:211,(anonymous_6)
FNF:7
FNH:5
FNDA:0,(anonymous_0)
FNDA:6,(anonymous_1)
FNDA:0,(anonymous_2)
FNDA:2,(anonymous_3)
FNDA:4,(anonymous_4)
FNDA:2,(anonymous_5)
FNDA:2,(anonymous_6)
DA:4,2
DA:5,2
DA:6,2
DA:7,2
DA:8,2
DA:9,2
DA:10,2
DA:19,2
DA:20,0
DA:25,2
DA:26,6
DA:27,6
DA:28,6
DA:29,1
DA:32,5
DA:33,5
DA:36,5
DA:37,5
DA:38,1
DA:39,1
DA:42,4
DA:43,4
DA:45,0
DA:46,0
DA:58,2
DA:62,0
DA:66,0
DA:68,0
DA:71,0
DA:74,0
DA:76,0
DA:77,0
DA:80,0
DA:82,0
DA:86,0
DA:87,0
DA:95,2
DA:96,2
DA:97,2
DA:100,2
DA:101,2
DA:102,1
DA:106,1
DA:113,1
DA:114,1
DA:116,1
DA:126,0
DA:127,0
DA:136,2
DA:137,4
DA:138,4
DA:140,4
DA:141,1
DA:145,3
DA:146,3
DA:147,1
DA:151,2
DA:152,2
DA:153,1
DA:157,1
DA:163,1
DA:165,1
DA:176,0
DA:177,0
DA:185,2
DA:186,2
DA:187,2
DA:189,2
DA:190,2
DA:191,1
DA:194,1
DA:197,1
DA:199,1
DA:200,1
DA:202,0
DA:203,0
DA:211,2
DA:212,2
DA:213,2
DA:215,2
DA:216,2
DA:217,1
DA:220,1
DA:222,1
DA:223,1
DA:225,0
DA:226,0
DA:230,2
LF:88
LH:66
BRDA:28,0,0,1
BRDA:28,0,1,5
BRDA:28,1,0,6
BRDA:28,1,1,5
BRDA:33,2,0,5
BRDA:33,2,1,0
BRDA:37,3,0,1
BRDA:37,3,1,4
BRDA:37,4,0,5
BRDA:37,4,1,5
BRDA:62,5,0,0
BRDA:62,5,1,0
BRDA:63,6,0,0
BRDA:63,6,1,0
BRDA:76,7,0,0
BRDA:76,7,1,0
BRDA:86,8,0,0
BRDA:86,8,1,0
BRDA:101,9,0,1
BRDA:101,9,1,1
BRDA:140,10,0,1
BRDA:140,10,1,3
BRDA:140,11,0,4
BRDA:140,11,1,4
BRDA:146,12,0,1
BRDA:146,12,1,2
BRDA:146,13,0,3
BRDA:146,13,1,3
BRDA:152,14,0,1
BRDA:152,14,1,1
BRDA:159,15,0,1
BRDA:159,15,1,0
BRDA:190,16,0,1
BRDA:190,16,1,1
BRDA:216,17,0,1
BRDA:216,17,1,1
BRF:36
BRH:26
end_of_record
TN:
SF:stories.js
FN:10,(anonymous_0)
FN:24,(anonymous_1)
FN:45,(anonymous_2)
FN:73,(anonymous_3)
FNF:4
FNH:0
FNDA:0,(anonymous_0)
FNDA:0,(anonymous_1)
FNDA:0,(anonymous_2)
FNDA:0,(anonymous_3)
DA:2,1
DA:3,1
DA:4,1
DA:5,1
DA:10,1
DA:11,0
DA:12,0
DA:15,0
DA:17,0
DA:24,1
DA:25,0
DA:26,0
DA:28,0
DA:36,0
DA:38,0
DA:45,1
DA:46,0
DA:47,0
DA:49,0
DA:50,0
DA:54,0
DA:55,0
DA:59,0
DA:60,0
DA:61,0
DA:63,0
DA:64,0
DA:66,0
DA:73,1
DA:74,0
DA:75,0
DA:77,0
DA:78,0
DA:82,0
DA:83,0
DA:85,0
DA:86,0
DA:89,0
DA:90,0
DA:92,0
DA:96,1
LF:41
LH:9
BRDA:32,0,0,0
BRDA:32,0,1,0
BRDA:49,1,0,0
BRDA:49,1,1,0
BRDA:54,2,0,0
BRDA:54,2,1,0
BRDA:59,3,0,0
BRDA:59,3,1,0
BRDA:60,4,0,0
BRDA:60,4,1,0
BRDA:61,5,0,0
BRDA:61,5,1,0
BRDA:77,6,0,0
BRDA:77,6,1,0
BRDA:85,7,0,0
BRDA:85,7,1,0
BRDA:85,8,0,0
BRDA:85,8,1,0
BRF:18
BRH:0
end_of_record
TN:
SF:models/story.js
FNF:0
FNH:0
DA:2,2
DA:4,2
DA:28,2
DA:29,2
LF:4
LH:4
BRDA:28,0,0,2
BRDA:28,0,1,2
BRF:2
BRH:2
end_of_record
TN:
SF:models/user.js
FN:13,(anonymous_0)
FN:30,(anonymous_1)
FN:50,(anonymous_2)
FN:60,(anonymous_3)
FNF:4
FNH:4
FNDA:25,(anonymous_0)
FNDA:25,(anonymous_1)
FNDA:25,(anonymous_2)
FNDA:2,(anonymous_3)
DA:2,2
DA:3,2
DA:5,2
DA:15,25
DA:31,25
DA:50,2
DA:52,25
DA:55,25
DA:56,25
DA:60,2
DA:61,2
DA:64,2
DA:65,2
LF:13
LH:13
BRDA:52,0,0,0
BRDA:52,0,1,25
BRDA:64,1,0,2
BRDA:64,1,1,2
BRF:4
BRH:3
end_of_record
